[
  {
    "line": 2,
    "elements": [
      {
        "line": 4,
        "name": "",
        "description": "",
        "type": "background",
        "keyword": "Background",
        "steps": [
          {
            "result": {
              "duration": 2666423300,
              "status": "passed"
            },
            "line": 5,
            "name": "app is open",
            "match": {
              "location": "StepDefinitions.BDDSteps.app_is_open()"
            },
            "keyword": "Given "
          },
          {
            "result": {
              "duration": 460811500,
              "status": "passed"
            },
            "line": 6,
            "name": "user enter userName and Password",
            "match": {
              "location": "StepDefinitions.BDDSteps.user_enter_user_name_and_password()"
            },
            "keyword": "When "
          },
          {
            "result": {
              "duration": 31578200,
              "status": "passed"
            },
            "line": 7,
            "name": "click on submit button",
            "match": {
              "location": "StepDefinitions.BDDSteps.click_on_submit_button()"
            },
            "keyword": "Then "
          }
        ]
      },
      {
        "start_timestamp": "2022-01-28T00:31:58.821Z",
        "line": 10,
        "name": "As a user I want to see New Invoice page",
        "description": "",
        "id": "login-test-in-the-background;as-a-user-i-want-to-see-new-invoice-page",
        "type": "scenario",
        "keyword": "Scenario",
        "steps": [
          {
            "result": {
              "error_message": "org.openqa.selenium.NoSuchElementException: no such element: Unable to locate element: {\"method\":\"link text\",\"selector\":\"New Invoice\"}\n  (Session info: chrome\u003d97.0.4692.99)\nFor documentation on this error, please visit: https://www.seleniumhq.org/exceptions/no_such_element.html\nBuild info: version: \u00273.141.59\u0027, revision: \u0027e82be7d358\u0027, time: \u00272018-11-14T08:17:03\u0027\nSystem info: host: \u0027DESKTOP-BSK1J2J\u0027, ip: \u0027192.168.1.52\u0027, os.name: \u0027Windows 10\u0027, os.arch: \u0027amd64\u0027, os.version: \u002710.0\u0027, java.version: \u002716.0.2\u0027\nDriver info: org.openqa.selenium.chrome.ChromeDriver\nCapabilities {acceptInsecureCerts: false, browserName: chrome, browserVersion: 97.0.4692.99, chrome: {chromedriverVersion: 97.0.4692.71 (adefa7837d02a..., userDataDir: C:\\Users\\Anikm\\AppData\\Loca...}, goog:chromeOptions: {debuggerAddress: localhost:13996}, javascriptEnabled: true, networkConnectionEnabled: false, pageLoadStrategy: normal, platform: WINDOWS, platformName: WINDOWS, proxy: Proxy(), setWindowRect: true, strictFileInteractability: false, timeouts: {implicit: 0, pageLoad: 300000, script: 30000}, unhandledPromptBehavior: dismiss and notify, webauthn:extension:credBlob: true, webauthn:extension:largeBlob: true, webauthn:virtualAuthenticators: true}\nSession ID: c25b70efd315f43d3c1799acbee23b54\n*** Element info: {Using\u003dlink text, value\u003dNew Invoice}\r\n\tat java.base/jdk.internal.reflect.NativeConstructorAccessorImpl.newInstance0(Native Method)\r\n\tat java.base/jdk.internal.reflect.NativeConstructorAccessorImpl.newInstance(NativeConstructorAccessorImpl.java:78)\r\n\tat java.base/jdk.internal.reflect.DelegatingConstructorAccessorImpl.newInstance(DelegatingConstructorAccessorImpl.java:45)\r\n\tat java.base/java.lang.reflect.Constructor.newInstanceWithCaller(Constructor.java:499)\r\n\tat java.base/java.lang.reflect.Constructor.newInstance(Constructor.java:480)\r\n\tat org.openqa.selenium.remote.http.W3CHttpResponseCodec.createException(W3CHttpResponseCodec.java:187)\r\n\tat org.openqa.selenium.remote.http.W3CHttpResponseCodec.decode(W3CHttpResponseCodec.java:122)\r\n\tat org.openqa.selenium.remote.http.W3CHttpResponseCodec.decode(W3CHttpResponseCodec.java:49)\r\n\tat org.openqa.selenium.remote.HttpCommandExecutor.execute(HttpCommandExecutor.java:158)\r\n\tat org.openqa.selenium.remote.service.DriverCommandExecutor.execute(DriverCommandExecutor.java:83)\r\n\tat org.openqa.selenium.remote.RemoteWebDriver.execute(RemoteWebDriver.java:552)\r\n\tat org.openqa.selenium.remote.RemoteWebDriver.findElement(RemoteWebDriver.java:323)\r\n\tat org.openqa.selenium.remote.RemoteWebDriver.findElementByLinkText(RemoteWebDriver.java:380)\r\n\tat org.openqa.selenium.By$ByLinkText.findElement(By.java:220)\r\n\tat org.openqa.selenium.remote.RemoteWebDriver.findElement(RemoteWebDriver.java:315)\r\n\tat org.openqa.selenium.support.pagefactory.DefaultElementLocator.findElement(DefaultElementLocator.java:69)\r\n\tat org.openqa.selenium.support.pagefactory.internal.LocatingElementHandler.invoke(LocatingElementHandler.java:38)\r\n\tat jdk.proxy2/jdk.proxy2.$Proxy18.click(Unknown Source)\r\n\tat omecenTestCucumber.PageObjects.InvoicePage.invoiceLink(InvoicePage.java:22)\r\n\tat StepDefinitions.BDDSteps.user_click_on_invoice_page(BDDSteps.java:70)\r\n\tat ✽.user click on invoice page(file:///C:/Users/Anikm/eclipse-workspace/omecenTestCucumber/src/test/resources/Features/background.feature:11)\r\n",
              "duration": 17450631500,
              "status": "failed"
            },
            "line": 11,
            "name": "user click on invoice page",
            "match": {
              "location": "StepDefinitions.BDDSteps.user_click_on_invoice_page()"
            },
            "keyword": "When "
          },
          {
            "result": {
              "status": "skipped"
            },
            "line": 12,
            "name": "user validate the invoice title",
            "match": {
              "location": "StepDefinitions.BDDSteps.user_validate_the_invoice_title()"
            },
            "keyword": "Then "
          },
          {
            "result": {
              "duration": 1000000,
              "status": "skipped"
            },
            "line": 13,
            "name": "user close the app",
            "match": {
              "location": "StepDefinitions.BDDSteps.user_close_the_app()"
            },
            "keyword": "And "
          }
        ]
      },
      {
        "line": 4,
        "name": "",
        "description": "",
        "type": "background",
        "keyword": "Background",
        "steps": [
          {
            "result": {
              "duration": 1191805500,
              "status": "passed"
            },
            "line": 5,
            "name": "app is open",
            "match": {
              "location": "StepDefinitions.BDDSteps.app_is_open()"
            },
            "keyword": "Given "
          },
          {
            "result": {
              "error_message": "org.openqa.selenium.NoSuchElementException: no such element: Unable to locate element: {\"method\":\"xpath\",\"selector\":\"//input[@placeholder\u003d\u0027Username\u0027]\"}\n  (Session info: chrome\u003d97.0.4692.99)\nFor documentation on this error, please visit: https://www.seleniumhq.org/exceptions/no_such_element.html\nBuild info: version: \u00273.141.59\u0027, revision: \u0027e82be7d358\u0027, time: \u00272018-11-14T08:17:03\u0027\nSystem info: host: \u0027DESKTOP-BSK1J2J\u0027, ip: \u0027192.168.1.52\u0027, os.name: \u0027Windows 10\u0027, os.arch: \u0027amd64\u0027, os.version: \u002710.0\u0027, java.version: \u002716.0.2\u0027\nDriver info: org.openqa.selenium.chrome.ChromeDriver\nCapabilities {acceptInsecureCerts: false, browserName: chrome, browserVersion: 97.0.4692.99, chrome: {chromedriverVersion: 97.0.4692.71 (adefa7837d02a..., userDataDir: C:\\Users\\Anikm\\AppData\\Loca...}, goog:chromeOptions: {debuggerAddress: localhost:14025}, javascriptEnabled: true, networkConnectionEnabled: false, pageLoadStrategy: normal, platform: WINDOWS, platformName: WINDOWS, proxy: Proxy(), setWindowRect: true, strictFileInteractability: false, timeouts: {implicit: 0, pageLoad: 300000, script: 30000}, unhandledPromptBehavior: dismiss and notify, webauthn:extension:credBlob: true, webauthn:extension:largeBlob: true, webauthn:virtualAuthenticators: true}\nSession ID: 88bcd7b714a75b17a34208378105631b\n*** Element info: {Using\u003dxpath, value\u003d//input[@placeholder\u003d\u0027Username\u0027]}\r\n\tat java.base/jdk.internal.reflect.NativeConstructorAccessorImpl.newInstance0(Native Method)\r\n\tat java.base/jdk.internal.reflect.NativeConstructorAccessorImpl.newInstance(NativeConstructorAccessorImpl.java:78)\r\n\tat java.base/jdk.internal.reflect.DelegatingConstructorAccessorImpl.newInstance(DelegatingConstructorAccessorImpl.java:45)\r\n\tat java.base/java.lang.reflect.Constructor.newInstanceWithCaller(Constructor.java:499)\r\n\tat java.base/java.lang.reflect.Constructor.newInstance(Constructor.java:480)\r\n\tat org.openqa.selenium.remote.http.W3CHttpResponseCodec.createException(W3CHttpResponseCodec.java:187)\r\n\tat org.openqa.selenium.remote.http.W3CHttpResponseCodec.decode(W3CHttpResponseCodec.java:122)\r\n\tat org.openqa.selenium.remote.http.W3CHttpResponseCodec.decode(W3CHttpResponseCodec.java:49)\r\n\tat org.openqa.selenium.remote.HttpCommandExecutor.execute(HttpCommandExecutor.java:158)\r\n\tat org.openqa.selenium.remote.service.DriverCommandExecutor.execute(DriverCommandExecutor.java:83)\r\n\tat org.openqa.selenium.remote.RemoteWebDriver.execute(RemoteWebDriver.java:552)\r\n\tat org.openqa.selenium.remote.RemoteWebDriver.findElement(RemoteWebDriver.java:323)\r\n\tat org.openqa.selenium.remote.RemoteWebDriver.findElementByXPath(RemoteWebDriver.java:428)\r\n\tat org.openqa.selenium.By$ByXPath.findElement(By.java:353)\r\n\tat org.openqa.selenium.remote.RemoteWebDriver.findElement(RemoteWebDriver.java:315)\r\n\tat org.openqa.selenium.support.pagefactory.DefaultElementLocator.findElement(DefaultElementLocator.java:69)\r\n\tat org.openqa.selenium.support.pagefactory.internal.LocatingElementHandler.invoke(LocatingElementHandler.java:38)\r\n\tat jdk.proxy2/jdk.proxy2.$Proxy18.clear(Unknown Source)\r\n\tat omecenTestCucumber.PageObjects.LoginPage.userName(LoginPage.java:20)\r\n\tat StepDefinitions.BDDSteps.user_enter_user_name_and_password(BDDSteps.java:57)\r\n\tat ✽.user enter userName and Password(file:///C:/Users/Anikm/eclipse-workspace/omecenTestCucumber/src/test/resources/Features/background.feature:6)\r\n",
              "duration": 10050607200,
              "status": "failed"
            },
            "line": 6,
            "name": "user enter userName and Password",
            "match": {
              "location": "StepDefinitions.BDDSteps.user_enter_user_name_and_password()"
            },
            "keyword": "When "
          },
          {
            "result": {
              "status": "skipped"
            },
            "line": 7,
            "name": "click on submit button",
            "match": {
              "location": "StepDefinitions.BDDSteps.click_on_submit_button()"
            },
            "keyword": "Then "
          }
        ]
      },
      {
        "start_timestamp": "2022-01-28T00:32:19.533Z",
        "line": 16,
        "name": "As a user I want to see Payments  page",
        "description": "",
        "id": "login-test-in-the-background;as-a-user-i-want-to-see-payments--page",
        "type": "scenario",
        "keyword": "Scenario",
        "steps": [
          {
            "result": {
              "status": "skipped"
            },
            "line": 17,
            "name": "user click on payement page",
            "match": {
              "location": "StepDefinitions.BDDSteps.user_click_on_payement_page()"
            },
            "keyword": "When "
          },
          {
            "result": {
              "status": "skipped"
            },
            "line": 18,
            "name": "user validate payment title",
            "match": {
              "location": "StepDefinitions.BDDSteps.user_validate_payment_title()"
            },
            "keyword": "Then "
          },
          {
            "result": {
              "status": "skipped"
            },
            "line": 19,
            "name": "user close the app",
            "match": {
              "location": "StepDefinitions.BDDSteps.user_close_the_app()"
            },
            "keyword": "And "
          }
        ]
      },
      {
        "line": 4,
        "name": "",
        "description": "",
        "type": "background",
        "keyword": "Background",
        "steps": [
          {
            "result": {
              "duration": 1377468200,
              "status": "passed"
            },
            "line": 5,
            "name": "app is open",
            "match": {
              "location": "StepDefinitions.BDDSteps.app_is_open()"
            },
            "keyword": "Given "
          },
          {
            "result": {
              "error_message": "org.openqa.selenium.NoSuchElementException: no such element: Unable to locate element: {\"method\":\"xpath\",\"selector\":\"//input[@placeholder\u003d\u0027Username\u0027]\"}\n  (Session info: chrome\u003d97.0.4692.99)\nFor documentation on this error, please visit: https://www.seleniumhq.org/exceptions/no_such_element.html\nBuild info: version: \u00273.141.59\u0027, revision: \u0027e82be7d358\u0027, time: \u00272018-11-14T08:17:03\u0027\nSystem info: host: \u0027DESKTOP-BSK1J2J\u0027, ip: \u0027192.168.1.52\u0027, os.name: \u0027Windows 10\u0027, os.arch: \u0027amd64\u0027, os.version: \u002710.0\u0027, java.version: \u002716.0.2\u0027\nDriver info: org.openqa.selenium.chrome.ChromeDriver\nCapabilities {acceptInsecureCerts: false, browserName: chrome, browserVersion: 97.0.4692.99, chrome: {chromedriverVersion: 97.0.4692.71 (adefa7837d02a..., userDataDir: C:\\Users\\Anikm\\AppData\\Loca...}, goog:chromeOptions: {debuggerAddress: localhost:14049}, javascriptEnabled: true, networkConnectionEnabled: false, pageLoadStrategy: normal, platform: WINDOWS, platformName: WINDOWS, proxy: Proxy(), setWindowRect: true, strictFileInteractability: false, timeouts: {implicit: 0, pageLoad: 300000, script: 30000}, unhandledPromptBehavior: dismiss and notify, webauthn:extension:credBlob: true, webauthn:extension:largeBlob: true, webauthn:virtualAuthenticators: true}\nSession ID: 52cc1179247e884ada86849f803a7487\n*** Element info: {Using\u003dxpath, value\u003d//input[@placeholder\u003d\u0027Username\u0027]}\r\n\tat java.base/jdk.internal.reflect.NativeConstructorAccessorImpl.newInstance0(Native Method)\r\n\tat java.base/jdk.internal.reflect.NativeConstructorAccessorImpl.newInstance(NativeConstructorAccessorImpl.java:78)\r\n\tat java.base/jdk.internal.reflect.DelegatingConstructorAccessorImpl.newInstance(DelegatingConstructorAccessorImpl.java:45)\r\n\tat java.base/java.lang.reflect.Constructor.newInstanceWithCaller(Constructor.java:499)\r\n\tat java.base/java.lang.reflect.Constructor.newInstance(Constructor.java:480)\r\n\tat org.openqa.selenium.remote.http.W3CHttpResponseCodec.createException(W3CHttpResponseCodec.java:187)\r\n\tat org.openqa.selenium.remote.http.W3CHttpResponseCodec.decode(W3CHttpResponseCodec.java:122)\r\n\tat org.openqa.selenium.remote.http.W3CHttpResponseCodec.decode(W3CHttpResponseCodec.java:49)\r\n\tat org.openqa.selenium.remote.HttpCommandExecutor.execute(HttpCommandExecutor.java:158)\r\n\tat org.openqa.selenium.remote.service.DriverCommandExecutor.execute(DriverCommandExecutor.java:83)\r\n\tat org.openqa.selenium.remote.RemoteWebDriver.execute(RemoteWebDriver.java:552)\r\n\tat org.openqa.selenium.remote.RemoteWebDriver.findElement(RemoteWebDriver.java:323)\r\n\tat org.openqa.selenium.remote.RemoteWebDriver.findElementByXPath(RemoteWebDriver.java:428)\r\n\tat org.openqa.selenium.By$ByXPath.findElement(By.java:353)\r\n\tat org.openqa.selenium.remote.RemoteWebDriver.findElement(RemoteWebDriver.java:315)\r\n\tat org.openqa.selenium.support.pagefactory.DefaultElementLocator.findElement(DefaultElementLocator.java:69)\r\n\tat org.openqa.selenium.support.pagefactory.internal.LocatingElementHandler.invoke(LocatingElementHandler.java:38)\r\n\tat jdk.proxy2/jdk.proxy2.$Proxy18.clear(Unknown Source)\r\n\tat omecenTestCucumber.PageObjects.LoginPage.userName(LoginPage.java:20)\r\n\tat StepDefinitions.BDDSteps.user_enter_user_name_and_password(BDDSteps.java:57)\r\n\tat ✽.user enter userName and Password(file:///C:/Users/Anikm/eclipse-workspace/omecenTestCucumber/src/test/resources/Features/background.feature:6)\r\n",
              "duration": 10025536000,
              "status": "failed"
            },
            "line": 6,
            "name": "user enter userName and Password",
            "match": {
              "location": "StepDefinitions.BDDSteps.user_enter_user_name_and_password()"
            },
            "keyword": "When "
          },
          {
            "result": {
              "duration": 499300,
              "status": "skipped"
            },
            "line": 7,
            "name": "click on submit button",
            "match": {
              "location": "StepDefinitions.BDDSteps.click_on_submit_button()"
            },
            "keyword": "Then "
          }
        ]
      },
      {
        "start_timestamp": "2022-01-28T00:32:30.795Z",
        "line": 22,
        "name": "As a user I want to see Receipts  page",
        "description": "",
        "id": "login-test-in-the-background;as-a-user-i-want-to-see-receipts--page",
        "type": "scenario",
        "keyword": "Scenario",
        "steps": [
          {
            "result": {
              "duration": 1006400,
              "status": "skipped"
            },
            "line": 23,
            "name": "user click on purches page",
            "match": {
              "location": "StepDefinitions.BDDSteps.user_click_on_purches_page()"
            },
            "keyword": "When "
          },
          {
            "result": {
              "status": "skipped"
            },
            "line": 24,
            "name": "user validate the purches title",
            "match": {
              "location": "StepDefinitions.BDDSteps.user_validate_the_purches_title()"
            },
            "keyword": "Then "
          },
          {
            "result": {
              "status": "skipped"
            },
            "line": 25,
            "name": "user close the app",
            "match": {
              "location": "StepDefinitions.BDDSteps.user_close_the_app()"
            },
            "keyword": "And "
          }
        ]
      }
    ],
    "name": "Login test in the background",
    "description": "",
    "id": "login-test-in-the-background",
    "keyword": "Feature",
    "uri": "file:src/test/resources/Features/background.feature",
    "tags": []
  }
]